<?xml version="1.0" encoding="UTF-8"?>
<!-- Generated by org.testng.reporters.JUnitXMLReporter -->
<testsuite ignored="1" hostname="LAPTOP-389FLDCD" failures="0" tests="1" name="Default test" time="11.758" errors="0" timestamp="2024-05-05T19:15:35 EDT">
  <testcase classname="extentreports.SimpleExtentReport" name="search" time="1.965"/>
  <testcase classname="extentreports.SimpleExtentReport" name="homepage" time="0.0">
    <ignored/>
  </testcase> <!-- homepage -->
</testsuite> <!-- Default test -->
