<?xml version="1.0" encoding="UTF-8"?>
<testng-results ignored="0" total="1" passed="1" failed="0" skipped="0">
  <reporter-output>
  </reporter-output>
  <suite started-at="2024-05-05T19:15:23 EDT" name="Default suite" finished-at="2024-05-05T19:15:35 EDT" duration-ms="11758">
    <groups>
    </groups>
    <test started-at="2024-05-05T19:15:23 EDT" name="Default test" finished-at="2024-05-05T19:15:35 EDT" duration-ms="11758">
      <class name="extentreports.SimpleExtentReport">
        <test-method is-config="true" signature="openurl()[pri:0, instance:extentreports.SimpleExtentReport@483f6d77]" started-at="2024-05-05T19:15:23 EDT" name="openurl" finished-at="2024-05-05T19:15:32 EDT" duration-ms="8844" status="PASS">
          <reporter-output>
          </reporter-output>
        </test-method> <!-- openurl -->
        <test-method signature="search()[pri:0, instance:extentreports.SimpleExtentReport@483f6d77]" started-at="2024-05-05T19:15:32 EDT" name="search" finished-at="2024-05-05T19:15:34 EDT" duration-ms="1965" status="PASS">
          <reporter-output>
          </reporter-output>
        </test-method> <!-- search -->
        <test-method is-config="true" signature="closebrowser()[pri:0, instance:extentreports.SimpleExtentReport@483f6d77]" started-at="2024-05-05T19:15:34 EDT" name="closebrowser" finished-at="2024-05-05T19:15:35 EDT" duration-ms="877" status="PASS">
          <reporter-output>
          </reporter-output>
        </test-method> <!-- closebrowser -->
      </class> <!-- extentreports.SimpleExtentReport -->
    </test> <!-- Default test -->
  </suite> <!-- Default suite -->
</testng-results>
